2019-02-06 15:21:52 +0000  Initial pipeline context: <IDEDistributionProcessingPipelineContext: 0x7fb8e78ce840; archive(resolved)='<IDEArchive: 0x7fb8fd790250>', distributionTask(resolved)='2', distributionDestination(resolved)='1', distributionMethod(resolved)='<IDEDistributionMethodAdHoc: 0x7fb8e6e71e50>', team(resolved)='<IDEProvisioningDisambiguatableBasicTeam: 0x7fb8e75e2eb0; teamID='DSVA4RAE3V', teamName='Tabit Technologies Ltd.', teamType='Company', username='assafwint@gmail.com', isFreeProvisioningTeam='0'>'>
	Chain (12, self inclusive):
	<IDEDistributionProcessingPipelineContext: 0x7fb8e78ce840; archive = '<IDEArchive: 0x7fb8fd790250>', distributionMethod='<IDEDistributionMethodAdHoc: 0x7fb8e6e71e50>', team='<IDEProvisioningDisambiguatableBasicTeam: 0x7fb8e75e2eb0; teamID='DSVA4RAE3V', teamName='Tabit Technologies Ltd.', teamType='Company', username='assafwint@gmail.com', isFreeProvisioningTeam='0'>'>
	<IDEDistributionProcessingPipelineContext: 0x7fb8eb9800a0; archive = '<IDEArchive: 0x7fb8fd790250>', distributionMethod='<IDEDistributionMethodAdHoc: 0x7fb8e6e71e50>', team='<IDEProvisioningDisambiguatableBasicTeam: 0x7fb8e75e2eb0; teamID='DSVA4RAE3V', teamName='Tabit Technologies Ltd.', teamType='Company', username='assafwint@gmail.com', isFreeProvisioningTeam='0'>'>
	<IDEDistributionContext: 0x7fb8eb81da00; archive = '<IDEArchive: 0x7fb8fd790250>', distributionMethod='<IDEDistributionMethodAdHoc: 0x7fb8e6e71e50>', team='<IDEProvisioningDisambiguatableBasicTeam: 0x7fb8e75e2eb0; teamID='DSVA4RAE3V', teamName='Tabit Technologies Ltd.', teamType='Company', username='assafwint@gmail.com', isFreeProvisioningTeam='0'>'>
	<IDEDistributionContext: 0x7fb8eb849250; archive = '<IDEArchive: 0x7fb8fd790250>', distributionMethod='<IDEDistributionMethodAdHoc: 0x7fb8e6e71e50>', team='<IDEProvisioningDisambiguatableBasicTeam: 0x7fb8e75e2eb0; teamID='DSVA4RAE3V', teamName='Tabit Technologies Ltd.', teamType='Company', username='assafwint@gmail.com', isFreeProvisioningTeam='0'>'>
	<IDEDistributionContext: 0x7fb8eb898af0; archive = '<IDEArchive: 0x7fb8fd790250>', distributionMethod='<IDEDistributionMethodAdHoc: 0x7fb8e6e71e50>', team='<IDEProvisioningDisambiguatableBasicTeam: 0x7fb8e75e2eb0; teamID='DSVA4RAE3V', teamName='Tabit Technologies Ltd.', teamType='Company', username='assafwint@gmail.com', isFreeProvisioningTeam='0'>'>
	<IDEDistributionContext: 0x7fb9018487c0; archive = '<IDEArchive: 0x7fb8fd790250>', distributionMethod='<IDEDistributionMethodAdHoc: 0x7fb8e6e71e50>', team='<IDEProvisioningDisambiguatableBasicTeam: 0x7fb8e75e2eb0; teamID='DSVA4RAE3V', teamName='Tabit Technologies Ltd.', teamType='Company', username='assafwint@gmail.com', isFreeProvisioningTeam='0'>'>
	<IDEDistributionContext: 0x7fb8ea74d3d0; archive = '<IDEArchive: 0x7fb8fd790250>', distributionMethod='<IDEDistributionMethodAdHoc: 0x7fb8e6e71e50>', team='<IDEProvisioningDisambiguatableBasicTeam: 0x7fb8e75e2eb0; teamID='DSVA4RAE3V', teamName='Tabit Technologies Ltd.', teamType='Company', username='assafwint@gmail.com', isFreeProvisioningTeam='0'>'>
	<IDEDistributionContext: 0x7fb8e6aebb90; archive = '<IDEArchive: 0x7fb8fd790250>', distributionMethod='<IDEDistributionMethodAdHoc: 0x7fb8e6e71e50>', team='<IDEProvisioningDisambiguatableBasicTeam: 0x7fb8e75e2eb0; teamID='DSVA4RAE3V', teamName='Tabit Technologies Ltd.', teamType='Company', username='assafwint@gmail.com', isFreeProvisioningTeam='0'>'>
	<IDEDistributionContext: 0x7fb8e9aec320; archive = '<IDEArchive: 0x7fb8fd790250>', distributionMethod='<IDEDistributionMethodAdHoc: 0x7fb8e6e71e50>', team='<IDEProvisioningDisambiguatableBasicTeam: 0x7fb8e75e2eb0; teamID='DSVA4RAE3V', teamName='Tabit Technologies Ltd.', teamType='Company', username='assafwint@gmail.com', isFreeProvisioningTeam='0'>'>
	<IDEDistributionContext: 0x7fb904616120; archive = '<IDEArchive: 0x7fb8fd790250>', distributionMethod='<IDEDistributionMethodAdHoc: 0x7fb8e6e71e50>', team='(null)'>
	<IDEDistributionContext: 0x7fb8ea7bb990; archive = '<IDEArchive: 0x7fb8fd790250>', distributionMethod='<IDEDistributionMethodAdHoc: 0x7fb8e6e71e50>', team='(null)'>
	<IDEDistributionContext: 0x7fb8e9d51fa0; archive = '<IDEArchive: 0x7fb8fd790250>', distributionMethod='(null)', team='(null)'>
</IDEDistributionProcessingPipelineContext: 0x7fb8e78ce840>
2019-02-06 15:21:52 +0000  Processing step: IDEDistributionCreateDestRootStep
2019-02-06 15:21:52 +0000  Processing step: IDEDistributionCopyItemStep
2019-02-06 15:21:52 +0000  Running /usr/bin/ditto '-V' '/Users/user/Library/Developer/Xcode/Archives/2019-02-06/Chef - Test 06-02-2019, 16.58.xcarchive/Products/Applications/Chef - Test.app' '/var/folders/y_/lcm9gk6x2l33rp7bscb_z3080000gn/T/XcodeDistPipeline.PNZ/Root/Payload/Chef - Test.app'
2019-02-06 15:21:52 +0000  >>> Copying /Users/user/Library/Developer/Xcode/Archives/2019-02-06/Chef - Test 06-02-2019, 16.58.xcarchive/Products/Applications/Chef - Test.app 
2019-02-06 15:21:52 +0000  copying file ./_CodeSignature/CodeResources ... 
2019-02-06 15:21:52 +0000  40735 bytes for ./_CodeSignature/CodeResources
2019-02-06 15:21:52 +0000  copying file ./AppIcon20x20@2x.png ... 
2019-02-06 15:21:52 +0000  886 bytes for ./AppIcon20x20@2x.png
copying file ./MainViewController.nib ... 
2019-02-06 15:21:52 +0000  943 bytes for ./MainViewController.nib
copying file ./AppIcon57x57.png ... 
2019-02-06 15:21:52 +0000  2123 bytes for ./AppIcon57x57.png
2019-02-06 15:21:52 +0000  copying file ./AppIcon20x20@3x.png ... 
2019-02-06 15:21:52 +0000  2022 bytes for ./AppIcon20x20@3x.png
copying file ./Chef - Test ... 
2019-02-06 15:21:52 +0000  1872304 bytes for ./Chef - Test
copying file ./AppIcon29x29.png ... 
2019-02-06 15:21:52 +0000  709 bytes for ./AppIcon29x29.png
copying file ./AppIcon60x60@2x.png ... 
7580 bytes for ./AppIcon60x60@2x.png
copying file ./AppIcon72x72@2x~ipad.png ... 
2019-02-06 15:21:52 +0000  9247 bytes for ./AppIcon72x72@2x~ipad.png
copying file ./AppIcon29x29@2x.png ... 
2019-02-06 15:21:52 +0000  2049 bytes for ./AppIcon29x29@2x.png
2019-02-06 15:21:52 +0000  copying file ./Chef - Test.entitlements ... 
2019-02-06 15:21:52 +0000  152 bytes for ./Chef - Test.entitlements
2019-02-06 15:21:52 +0000  copying file ./AppIcon40x40@3x.png ... 
2019-02-06 15:21:52 +0000  7580 bytes for ./AppIcon40x40@3x.png
2019-02-06 15:21:52 +0000  copying file ./AppIcon57x57@2x.png ... 
2019-02-06 15:21:52 +0000  7652 bytes for ./AppIcon57x57@2x.png
2019-02-06 15:21:52 +0000  copying file ./AppIcon29x29~ipad.png ... 
2019-02-06 15:21:52 +0000  709 bytes for ./AppIcon29x29~ipad.png
2019-02-06 15:21:52 +0000  copying file ./AppIcon40x40@2x.png ... 
2019-02-06 15:21:52 +0000  3282 bytes for ./AppIcon40x40@2x.png
2019-02-06 15:21:52 +0000  copying file ./AppIcon29x29@3x.png ... 
2019-02-06 15:21:52 +0000  4619 bytes for ./AppIcon29x29@3x.png
2019-02-06 15:21:52 +0000  copying file ./AppIcon60x60@3x.png ... 
2019-02-06 15:21:52 +0000  15197 bytes for ./AppIcon60x60@3x.png
2019-02-06 15:21:52 +0000  copying file ./config.xml ... 
2019-02-06 15:21:52 +0000  5584 bytes for ./config.xml
2019-02-06 15:21:52 +0000  copying file ./www/index.html ... 
2019-02-06 15:21:52 +0000  968 bytes for ./www/index.html
copying file ./www/cordova.js ... 
2019-02-06 15:21:52 +0000  78123 bytes for ./www/cordova.js
2019-02-06 15:21:52 +0000  copying file ./www/css/index.css ... 
2019-02-06 15:21:52 +0000  1287 bytes for ./www/css/index.css
2019-02-06 15:21:52 +0000  copying file ./www/plugins/cordova-plugin-file/www/requestFileSystem.js ... 
2019-02-06 15:21:52 +0000  3244 bytes for ./www/plugins/cordova-plugin-file/www/requestFileSystem.js
2019-02-06 15:21:52 +0000  copying file ./www/plugins/cordova-plugin-file/www/DirectoryEntry.js ... 
2019-02-06 15:21:52 +0000  4681 bytes for ./www/plugins/cordova-plugin-file/www/DirectoryEntry.js
2019-02-06 15:21:52 +0000  copying file ./www/plugins/cordova-plugin-file/www/FileSystem.js ... 
2019-02-06 15:21:52 +0000  1960 bytes for ./www/plugins/cordova-plugin-file/www/FileSystem.js
copying file ./www/plugins/cordova-plugin-file/www/Flags.js ... 
2019-02-06 15:21:52 +0000  1336 bytes for ./www/plugins/cordova-plugin-file/www/Flags.js
2019-02-06 15:21:52 +0000  copying file ./www/plugins/cordova-plugin-file/www/fileSystemPaths.js ... 
2019-02-06 15:21:52 +0000  2548 bytes for ./www/plugins/cordova-plugin-file/www/fileSystemPaths.js
copying file ./www/plugins/cordova-plugin-file/www/FileEntry.js ... 
2019-02-06 15:21:52 +0000  3423 bytes for ./www/plugins/cordova-plugin-file/www/FileEntry.js
2019-02-06 15:21:52 +0000  copying file ./www/plugins/cordova-plugin-file/www/fileSystems.js ... 
2019-02-06 15:21:52 +0000  1047 bytes for ./www/plugins/cordova-plugin-file/www/fileSystems.js
copying file ./www/plugins/cordova-plugin-file/www/DirectoryReader.js ... 
2019-02-06 15:21:52 +0000  2724 bytes for ./www/plugins/cordova-plugin-file/www/DirectoryReader.js
copying file ./www/plugins/cordova-plugin-file/www/Metadata.js ... 
2019-02-06 15:21:52 +0000  1488 bytes for ./www/plugins/cordova-plugin-file/www/Metadata.js
2019-02-06 15:21:52 +0000  copying file ./www/plugins/cordova-plugin-file/www/ios/FileSystem.js ... 
2019-02-06 15:21:52 +0000  1222 bytes for ./www/plugins/cordova-plugin-file/www/ios/FileSystem.js
2019-02-06 15:21:52 +0000  copying file ./www/plugins/cordova-plugin-file/www/browser/isChrome.js ... 
2019-02-06 15:21:52 +0000  1232 bytes for ./www/plugins/cordova-plugin-file/www/browser/isChrome.js
2019-02-06 15:21:52 +0000  copying file ./www/plugins/cordova-plugin-file/www/LocalFileSystem.js ... 
2019-02-06 15:21:52 +0000  957 bytes for ./www/plugins/cordova-plugin-file/www/LocalFileSystem.js
copying file ./www/plugins/cordova-plugin-file/www/FileReader.js ... 
2019-02-06 15:21:52 +0000  10523 bytes for ./www/plugins/cordova-plugin-file/www/FileReader.js
copying file ./www/plugins/cordova-plugin-file/www/fileSystems-roots.js ... 
2019-02-06 15:21:52 +0000  1646 bytes for ./www/plugins/cordova-plugin-file/www/fileSystems-roots.js
2019-02-06 15:21:52 +0000  copying file ./www/plugins/cordova-plugin-file/www/FileUploadOptions.js ... 
2019-02-06 15:21:52 +0000  1831 bytes for ./www/plugins/cordova-plugin-file/www/FileUploadOptions.js
copying file ./www/plugins/cordova-plugin-file/www/FileWriter.js ... 
2019-02-06 15:21:52 +0000  10586 bytes for ./www/plugins/cordova-plugin-file/www/FileWriter.js
copying file ./www/plugins/cordova-plugin-file/www/FileError.js ... 
2019-02-06 15:21:52 +0000  1483 bytes for ./www/plugins/cordova-plugin-file/www/FileError.js
2019-02-06 15:21:52 +0000  copying file ./www/plugins/cordova-plugin-file/www/FileUploadResult.js ... 
2019-02-06 15:21:52 +0000  1111 bytes for ./www/plugins/cordova-plugin-file/www/FileUploadResult.js
copying file ./www/plugins/cordova-plugin-file/www/ProgressEvent.js ... 
2019-02-06 15:21:52 +0000  2544 bytes for ./www/plugins/cordova-plugin-file/www/ProgressEvent.js
copying file ./www/plugins/cordova-plugin-file/www/File.js ... 
2019-02-06 15:21:52 +0000  2714 bytes for ./www/plugins/cordova-plugin-file/www/File.js
2019-02-06 15:21:52 +0000  copying file ./www/plugins/cordova-plugin-file/www/resolveLocalFileSystemURI.js ... 
2019-02-06 15:21:52 +0000  4325 bytes for ./www/plugins/cordova-plugin-file/www/resolveLocalFileSystemURI.js
2019-02-06 15:21:52 +0000  copying file ./www/plugins/cordova-plugin-file/www/Entry.js ... 
2019-02-06 15:21:52 +0000  9869 bytes for ./www/plugins/cordova-plugin-file/www/Entry.js
2019-02-06 15:21:52 +0000  copying file ./www/plugins/es6-promise-plugin/www/promise.js ... 
2019-02-06 15:21:52 +0000  9479 bytes for ./www/plugins/es6-promise-plugin/www/promise.js
2019-02-06 15:21:52 +0000  copying file ./www/plugins/branch-cordova-sdk/src/index.js ... 
2019-02-06 15:21:52 +0000  7972 bytes for ./www/plugins/branch-cordova-sdk/src/index.js
2019-02-06 15:21:52 +0000  copying file ./www/plugins/cordova-plugin-x-socialsharing/www/SocialSharing.js ... 
2019-02-06 15:21:52 +0000  7397 bytes for ./www/plugins/cordova-plugin-x-socialsharing/www/SocialSharing.js
2019-02-06 15:21:52 +0000  copying file ./www/js/jquery-3.3.1.min.js ... 
2019-02-06 15:21:52 +0000  86926 bytes for ./www/js/jquery-3.3.1.min.js
copying file ./www/js/index.js ... 
2019-02-06 15:21:52 +0000  15638 bytes for ./www/js/index.js
2019-02-06 15:21:52 +0000  copying file ./www/js/config.js ... 
2019-02-06 15:21:52 +0000  373 bytes for ./www/js/config.js
2019-02-06 15:21:52 +0000  copying file ./www/img/splash_1242_2208_modified_2.png ... 
2019-02-06 15:21:52 +0000  155968 bytes for ./www/img/splash_1242_2208_modified_2.png
copying file ./www/img/flag-il.png ... 
2019-02-06 15:21:52 +0000  2325 bytes for ./www/img/flag-il.png
2019-02-06 15:21:52 +0000  copying file ./www/img/flag-us.png ... 
2019-02-06 15:21:52 +0000  3377 bytes for ./www/img/flag-us.png
copying file ./www/img/splash_1242_2208_modified.png ... 
2019-02-06 15:21:52 +0000  118091 bytes for ./www/img/splash_1242_2208_modified.png
copying file ./www/img/tabit-chef-login.png ... 
2019-02-06 15:21:52 +0000  12409 bytes for ./www/img/tabit-chef-login.png
2019-02-06 15:21:52 +0000  copying file ./www/img/splash_1242_2208_modified-old.png ... 
2019-02-06 15:21:52 +0000  1065794 bytes for ./www/img/splash_1242_2208_modified-old.png
2019-02-06 15:21:52 +0000  copying file ./www/cordova-js-src/exec.js ... 
2019-02-06 15:21:52 +0000  8877 bytes for ./www/cordova-js-src/exec.js
2019-02-06 15:21:52 +0000  copying file ./www/cordova-js-src/plugin/ios/logger.js ... 
2019-02-06 15:21:52 +0000  10233 bytes for ./www/cordova-js-src/plugin/ios/logger.js
copying file ./www/cordova-js-src/plugin/ios/console.js ... 
2019-02-06 15:21:52 +0000  6822 bytes for ./www/cordova-js-src/plugin/ios/console.js
2019-02-06 15:21:52 +0000  copying file ./www/cordova-js-src/platform.js ... 
2019-02-06 15:21:52 +0000  1168 bytes for ./www/cordova-js-src/platform.js
2019-02-06 15:21:52 +0000  copying file ./www/icons/dxicons.ttf ... 
2019-02-06 15:21:52 +0000  40640 bytes for ./www/icons/dxicons.ttf
2019-02-06 15:21:52 +0000  copying file ./www/icons/dxicons.woff ... 
2019-02-06 15:21:52 +0000  20016 bytes for ./www/icons/dxicons.woff
2019-02-06 15:21:52 +0000  copying file ./www/cordova_plugins.js ... 
2019-02-06 15:21:52 +0000  5439 bytes for ./www/cordova_plugins.js
2019-02-06 15:21:52 +0000  copying file ./www/assets/config/bundles.json ... 
2019-02-06 15:21:52 +0000  1098 bytes for ./www/assets/config/bundles.json
2019-02-06 15:21:52 +0000  copying file ./www/assets/images/logo-orig-2.png ... 
2019-02-06 15:21:52 +0000  3228 bytes for ./www/assets/images/logo-orig-2.png
2019-02-06 15:21:52 +0000  copying file ./www/assets/images/favicons/favicon-16x16.png ... 
2019-02-06 15:21:52 +0000  1706 bytes for ./www/assets/images/favicons/favicon-16x16.png
copying file ./www/assets/images/favicons/favicon.ico ... 
2019-02-06 15:21:52 +0000  1150 bytes for ./www/assets/images/favicons/favicon.ico
2019-02-06 15:21:52 +0000  copying file ./www/assets/images/favicons/favicon-96x96.png ... 
2019-02-06 15:21:52 +0000  14682 bytes for ./www/assets/images/favicons/favicon-96x96.png
copying file ./www/assets/images/favicons/favicon-32x32.png ... 
2019-02-06 15:21:52 +0000  3032 bytes for ./www/assets/images/favicons/favicon-32x32.png
2019-02-06 15:21:52 +0000  copying file ./www/assets/images/logo-orig.png ... 
2019-02-06 15:21:52 +0000  13973 bytes for ./www/assets/images/logo-orig.png
2019-02-06 15:21:52 +0000  copying file ./www/assets/images/icons/mipmap-mdpi/ic_launcher.png ... 
2019-02-06 15:21:52 +0000  4093 bytes for ./www/assets/images/icons/mipmap-mdpi/ic_launcher.png
2019-02-06 15:21:52 +0000  copying file ./www/assets/images/icons/mipmap-hdpi/ic_launcher.png ... 
2019-02-06 15:21:52 +0000  8113 bytes for ./www/assets/images/icons/mipmap-hdpi/ic_launcher.png
2019-02-06 15:21:52 +0000  copying file ./www/assets/images/icons/mipmap-xxxhdpi/ic_launcher.png ... 
2019-02-06 15:21:52 +0000  38212 bytes for ./www/assets/images/icons/mipmap-xxxhdpi/ic_launcher.png
2019-02-06 15:21:52 +0000  copying file ./www/assets/images/icons/web_hi_res_512.png ... 
2019-02-06 15:21:52 +0000  188948 bytes for ./www/assets/images/icons/web_hi_res_512.png
2019-02-06 15:21:52 +0000  copying file ./www/assets/images/icons/mipmap-xxhdpi/ic_launcher.png ... 
2019-02-06 15:21:52 +0000  24886 bytes for ./www/assets/images/icons/mipmap-xxhdpi/ic_launcher.png
2019-02-06 15:21:52 +0000  copying file ./www/assets/images/icons/person.png ... 
2019-02-06 15:21:52 +0000  2034 bytes for ./www/assets/images/icons/person.png
2019-02-06 15:21:52 +0000  copying file ./www/assets/images/icons/cycle.svg ... 
2019-02-06 15:21:52 +0000  902 bytes for ./www/assets/images/icons/cycle.svg
2019-02-06 15:21:52 +0000  copying file ./www/assets/images/icons/mipmap-xhdpi/ic_launcher.png ... 
2019-02-06 15:21:52 +0000  12346 bytes for ./www/assets/images/icons/mipmap-xhdpi/ic_launcher.png
2019-02-06 15:21:52 +0000  copying file ./www/assets/images/icons/calendar.svg ... 
2019-02-06 15:21:52 +0000  1434 bytes for ./www/assets/images/icons/calendar.svg
copying file ./www/assets/images/icons/circle-with-cross.svg ... 
2019-02-06 15:21:52 +0000  728 bytes for ./www/assets/images/icons/circle-with-cross.svg
2019-02-06 15:21:52 +0000  copying file ./www/assets/images/icons/total.svg ... 
2019-02-06 15:21:52 +0000  735 bytes for ./www/assets/images/icons/total.svg
2019-02-06 15:21:52 +0000  copying file ./www/assets/images/logo-cropped.png ... 
2019-02-06 15:21:52 +0000  122369 bytes for ./www/assets/images/logo-cropped.png
copying file ./www/assets/images/background-login.png ... 
2019-02-06 15:21:52 +0000  949932 bytes for ./www/assets/images/background-login.png
2019-02-06 15:21:52 +0000  copying file ./www/assets/images/chef-logo.png ... 
124635 bytes for ./www/assets/images/chef-logo.png
2019-02-06 15:21:52 +0000  copying file ./www/assets/images/chef-logo.jpg ... 
2019-02-06 15:21:52 +0000  14458 bytes for ./www/assets/images/chef-logo.jpg
2019-02-06 15:21:52 +0000  copying file ./www/assets/images/tabit-chef-login.png ... 
2019-02-06 15:21:52 +0000  12409 bytes for ./www/assets/images/tabit-chef-login.png
2019-02-06 15:21:52 +0000  copying file ./www/assets/images/tabit-chef-login@2x.png ... 
2019-02-06 15:21:52 +0000  37029 bytes for ./www/assets/images/tabit-chef-login@2x.png
copying file ./www/assets/images/tabit-chef-login@3x.png ... 
2019-02-06 15:21:52 +0000  64256 bytes for ./www/assets/images/tabit-chef-login@3x.png
2019-02-06 15:21:52 +0000  copying file ./www/assets/icons/user.svg ... 
2019-02-06 15:21:52 +0000  270 bytes for ./www/assets/icons/user.svg
copying file ./www/assets/icons/Promotion_off.svg ... 
2019-02-06 15:21:52 +0000  2175 bytes for ./www/assets/icons/Promotion_off.svg
2019-02-06 15:21:52 +0000  copying file ./www/assets/icons/Promotion.svg ... 
2019-02-06 15:21:52 +0000  2175 bytes for ./www/assets/icons/Promotion.svg
2019-02-06 15:21:52 +0000  copying file ./www/assets/icons/Retention_off.svg ... 
2019-02-06 15:21:52 +0000  1623 bytes for ./www/assets/icons/Retention_off.svg
copying file ./www/assets/icons/down.svg ... 
2019-02-06 15:21:52 +0000  543 bytes for ./www/assets/icons/down.svg
copying file ./www/assets/icons/OperationalAndCancellation_off_old.svg ... 
2019-02-06 15:21:52 +0000  1924 bytes for ./www/assets/icons/OperationalAndCancellation_off_old.svg
2019-02-06 15:21:52 +0000  copying file ./www/assets/icons/Retention.svg ... 
2019-02-06 15:21:52 +0000  1623 bytes for ./www/assets/icons/Retention.svg
copying file ./www/assets/icons/OperationalAndCancellation.svg ... 
2019-02-06 15:21:52 +0000  2243 bytes for ./www/assets/icons/OperationalAndCancellation.svg
copying file ./www/assets/icons/up.svg ... 
2019-02-06 15:21:52 +0000  538 bytes for ./www/assets/icons/up.svg
2019-02-06 15:21:52 +0000  copying file ./www/assets/icons/OperationalAndCancellation_old.svg ... 
2019-02-06 15:21:52 +0000  1924 bytes for ./www/assets/icons/OperationalAndCancellation_old.svg
2019-02-06 15:21:52 +0000  copying file ./www/assets/icons/Organizational.svg ... 
2019-02-06 15:21:52 +0000  2851 bytes for ./www/assets/icons/Organizational.svg
2019-02-06 15:21:52 +0000  copying file ./www/assets/icons/Organizational_off.svg ... 
2019-02-06 15:21:52 +0000  2851 bytes for ./www/assets/icons/Organizational_off.svg
2019-02-06 15:21:52 +0000  copying file ./www/assets/icons/OperationalAndCancellation_off.svg ... 
2019-02-06 15:21:52 +0000  2243 bytes for ./www/assets/icons/OperationalAndCancellation_off.svg
2019-02-06 15:21:52 +0000  copying file ./www/assets/fonts/icomoon/icomoon.ttf ... 
2019-02-06 15:21:52 +0000  2464 bytes for ./www/assets/fonts/icomoon/icomoon.ttf
2019-02-06 15:21:52 +0000  copying file ./www/assets/fonts/icomoon/icomoon.woff ... 
2019-02-06 15:21:52 +0000  2540 bytes for ./www/assets/fonts/icomoon/icomoon.woff
2019-02-06 15:21:52 +0000  copying file ./www/assets/fonts/icomoon/icomoon.eot ... 
2019-02-06 15:21:52 +0000  2628 bytes for ./www/assets/fonts/icomoon/icomoon.eot
2019-02-06 15:21:52 +0000  copying file ./www/assets/fonts/icomoon/_icomoon.scss ... 
2019-02-06 15:21:52 +0000  1481 bytes for ./www/assets/fonts/icomoon/_icomoon.scss
2019-02-06 15:21:52 +0000  copying file ./www/assets/fonts/icomoon/icomoon.svg ... 
2019-02-06 15:21:52 +0000  6447 bytes for ./www/assets/fonts/icomoon/icomoon.svg
2019-02-06 15:21:52 +0000  copying file ./Assets.car ... 
2019-02-06 15:21:52 +0000  299480 bytes for ./Assets.car
copying file ./AppIcon40x40@2x~ipad.png ... 
2019-02-06 15:21:52 +0000  3282 bytes for ./AppIcon40x40@2x~ipad.png
2019-02-06 15:21:52 +0000  copying file ./AppIcon76x76@2x~ipad.png ... 
2019-02-06 15:21:52 +0000  11315 bytes for ./AppIcon76x76@2x~ipad.png
2019-02-06 15:21:52 +0000  copying file ./AppIcon72x72~ipad.png ... 
2019-02-06 15:21:52 +0000  3114 bytes for ./AppIcon72x72~ipad.png
2019-02-06 15:21:52 +0000  copying file ./CDVLaunchScreen.storyboardc/01J-lp-oVM-view-Ze5-6b-2t3.nib ... 
2019-02-06 15:21:52 +0000  2284 bytes for ./CDVLaunchScreen.storyboardc/01J-lp-oVM-view-Ze5-6b-2t3.nib
copying file ./CDVLaunchScreen.storyboardc/UIViewController-01J-lp-oVM.nib ... 
2019-02-06 15:21:52 +0000  832 bytes for ./CDVLaunchScreen.storyboardc/UIViewController-01J-lp-oVM.nib
copying file ./CDVLaunchScreen.storyboardc/Info.plist ... 
2019-02-06 15:21:52 +0000  258 bytes for ./CDVLaunchScreen.storyboardc/Info.plist
2019-02-06 15:21:52 +0000  copying file ./AppIcon83.5x83.5@2x~ipad.png ... 
2019-02-06 15:21:52 +0000  20800 bytes for ./AppIcon83.5x83.5@2x~ipad.png
copying file ./AppIcon50x50~ipad.png ... 
2019-02-06 15:21:52 +0000  1644 bytes for ./AppIcon50x50~ipad.png
2019-02-06 15:21:52 +0000  copying file ./AppIcon29x29@2x~ipad.png ... 
2019-02-06 15:21:52 +0000  2049 bytes for ./AppIcon29x29@2x~ipad.png
copying file ./AppIcon50x50@2x~ipad.png ... 
2019-02-06 15:21:52 +0000  5717 bytes for ./AppIcon50x50@2x~ipad.png
2019-02-06 15:21:52 +0000  copying file ./AppIcon40x40~ipad.png ... 
2019-02-06 15:21:52 +0000  886 bytes for ./AppIcon40x40~ipad.png
2019-02-06 15:21:52 +0000  copying file ./AppIcon20x20@2x~ipad.png ... 
2019-02-06 15:21:52 +0000  886 bytes for ./AppIcon20x20@2x~ipad.png
copying file ./Info.plist ... 
2019-02-06 15:21:52 +0000  2109 bytes for ./Info.plist
2019-02-06 15:21:52 +0000  copying file ./PkgInfo ... 
2019-02-06 15:21:52 +0000  8 bytes for ./PkgInfo
2019-02-06 15:21:52 +0000  copying file ./AppIcon76x76~ipad.png ... 
2019-02-06 15:21:52 +0000  3505 bytes for ./AppIcon76x76~ipad.png
2019-02-06 15:21:52 +0000  /usr/bin/ditto exited with 0
2019-02-06 15:21:52 +0000  Processing step: IDEDistributionEmbedProfileStep
2019-02-06 15:21:52 +0000  Skipping profile for item: <IDEDistributionItem: 0x7fb9046f10d0 'tabit.chef.cloud.test' '<DVTFilePath:0x7fb90201d5b0:'/Users/user/Library/Developer/Xcode/Archives/2019-02-06/Chef - Test 06-02-2019, 16.58.xcarchive/Products/Applications/Chef - Test.app'>'>
2019-02-06 15:21:52 +0000  Processing step: IDEDistributionAppThinningPlistStep
2019-02-06 15:21:52 +0000  Skipping step: IDEDistributionAppThinningPlistStep because it said so
2019-02-06 15:21:52 +0000  Processing step: IDEDistributionCompileBitcodeStep
2019-02-06 15:21:52 +0000  Skipping step: IDEDistributionCompileBitcodeStep because it said so
2019-02-06 15:21:52 +0000  Processing step: IDEDistributionCodeSlimmingStep
2019-02-06 15:21:52 +0000  Processing step: IDEDistributionCopyBCSymbolMapsStep
2019-02-06 15:21:52 +0000  Skipping step: IDEDistributionCopyBCSymbolMapsStep because it said so
2019-02-06 15:21:52 +0000  Processing step: IDEDistributionSymbolsStep
2019-02-06 15:21:52 +0000  Skipping step: IDEDistributionSymbolsStep because it said so
2019-02-06 15:21:52 +0000  Processing step: IDEDistributionAppThinningStep
2019-02-06 15:21:52 +0000  Skipping step: IDEDistributionAppThinningStep because it said so
2019-02-06 15:21:52 +0000  Processing step: IDEDistributionArchThinningStep
2019-02-06 15:21:52 +0000  Running /Applications/Xcode.app/Contents/Developer/Toolchains/XcodeDefault.xctoolchain/usr/bin/lipo '/var/folders/y_/lcm9gk6x2l33rp7bscb_z3080000gn/T/XcodeDistPipeline.PNZ/Root/Payload/Chef - Test.app/Chef - Test' '-verify_arch' 'arm64e'
2019-02-06 15:21:52 +0000  /Applications/Xcode.app/Contents/Developer/Toolchains/XcodeDefault.xctoolchain/usr/bin/lipo exited with 1
2019-02-06 15:21:52 +0000  Skipping architecture thinning for item "Chef - Test" because arch "arm64e" wasn't found
2019-02-06 15:21:52 +0000  Processing step: IDEDistributionODRStep
2019-02-06 15:21:52 +0000  Processing step: IDEDistributionStripXattrsStep
2019-02-06 15:21:52 +0000  Running /usr/bin/xattr '-crs' '/var/folders/y_/lcm9gk6x2l33rp7bscb_z3080000gn/T/XcodeDistPipeline.PNZ/Root/Payload/Chef - Test.app'
2019-02-06 15:21:52 +0000  /usr/bin/xattr exited with 0
2019-02-06 15:21:52 +0000  Processing step: IDEDistributionCodesignStep
2019-02-06 15:21:52 +0000  Entitlements for <IDEDistributionItem: 0x7fb9046f10d0 'tabit.chef.cloud.test' '<DVTFilePath:0x7fb90201d5b0:'/Users/user/Library/Developer/Xcode/Archives/2019-02-06/Chef - Test 06-02-2019, 16.58.xcarchive/Products/Applications/Chef - Test.app'>'>: {
    "application-identifier" = "DSVA4RAE3V.tabit.chef.cloud.test";
    "com.apple.developer.associated-domains" =     (
        "applinks:r1sd.app.link",
        "applinks:r1sd-alternate.app.link"
    );
    "com.apple.developer.team-identifier" = DSVA4RAE3V;
}
2019-02-06 15:21:52 +0000  Writing entitlements for <IDEDistributionItem: 0x7fb9046f10d0 'tabit.chef.cloud.test' '<DVTFilePath:0x7fb90201d5b0:'/Users/user/Library/Developer/Xcode/Archives/2019-02-06/Chef - Test 06-02-2019, 16.58.xcarchive/Products/Applications/Chef - Test.app'>'> to: /var/folders/y_/lcm9gk6x2l33rp7bscb_z3080000gn/T/XcodeDistPipeline.PNZ/entitlementsPZsPkK
2019-02-06 15:21:52 +0000  Running /usr/bin/codesign '-vvv' '--force' '--sign' '3FC68CD5891E99DFCBB8C9D618036759B8AA94AA' '--entitlements' '/var/folders/y_/lcm9gk6x2l33rp7bscb_z3080000gn/T/XcodeDistPipeline.PNZ/entitlementsPZsPkK' '--preserve-metadata=identifier,flags,runtime' '/var/folders/y_/lcm9gk6x2l33rp7bscb_z3080000gn/T/XcodeDistPipeline.PNZ/Root/Payload/Chef - Test.app'
2019-02-06 15:21:52 +0000  /var/folders/y_/lcm9gk6x2l33rp7bscb_z3080000gn/T/XcodeDistPipeline.PNZ/Root/Payload/Chef - Test.app: replacing existing signature
2019-02-06 15:21:53 +0000  /var/folders/y_/lcm9gk6x2l33rp7bscb_z3080000gn/T/XcodeDistPipeline.PNZ/Root/Payload/Chef - Test.app: signed app bundle with Mach-O universal (armv7 arm64) [tabit.chef.cloud.test]
2019-02-06 15:21:53 +0000  /usr/bin/codesign exited with 0
2019-02-06 15:21:53 +0000  Processing step: IDEDistributionZipODRItemStep
2019-02-06 15:21:53 +0000  Skipping step: IDEDistributionZipODRItemStep because it said so
2019-02-06 15:21:53 +0000  Processing step: IDEDistributionCreateIPAStep
2019-02-06 15:21:53 +0000  Running /usr/bin/ditto '-V' '-c' '-k' '--norsrc' '/var/folders/y_/lcm9gk6x2l33rp7bscb_z3080000gn/T/XcodeDistPipeline.PNZ/Root' '/var/folders/y_/lcm9gk6x2l33rp7bscb_z3080000gn/T/XcodeDistPipeline.PNZ/Packages/Chef - Test.ipa'
2019-02-06 15:21:53 +0000  >>> Copying /var/folders/y_/lcm9gk6x2l33rp7bscb_z3080000gn/T/XcodeDistPipeline.PNZ/Root 
2019-02-06 15:21:53 +0000  copying file ./Payload/Chef - Test.app/_CodeSignature/CodeResources ... 
2019-02-06 15:21:53 +0000  40735 bytes for ./Payload/Chef - Test.app/_CodeSignature/CodeResources
2019-02-06 15:21:53 +0000  copying file ./Payload/Chef - Test.app/AppIcon20x20@2x.png ... 
2019-02-06 15:21:53 +0000  886 bytes for ./Payload/Chef - Test.app/AppIcon20x20@2x.png
copying file ./Payload/Chef - Test.app/MainViewController.nib ... 
2019-02-06 15:21:53 +0000  943 bytes for ./Payload/Chef - Test.app/MainViewController.nib
copying file ./Payload/Chef - Test.app/AppIcon57x57.png ... 
2019-02-06 15:21:53 +0000  2123 bytes for ./Payload/Chef - Test.app/AppIcon57x57.png
2019-02-06 15:21:53 +0000  copying file ./Payload/Chef - Test.app/AppIcon20x20@3x.png ... 
2019-02-06 15:21:53 +0000  2022 bytes for ./Payload/Chef - Test.app/AppIcon20x20@3x.png
copying file ./Payload/Chef - Test.app/Chef - Test ... 
2019-02-06 15:21:53 +0000  1872288 bytes for ./Payload/Chef - Test.app/Chef - Test
2019-02-06 15:21:53 +0000  copying file ./Payload/Chef - Test.app/AppIcon29x29.png ... 
709 bytes for ./Payload/Chef - Test.app/AppIcon29x29.png
copying file ./Payload/Chef - Test.app/AppIcon60x60@2x.png ... 
7580 bytes for ./Payload/Chef - Test.app/AppIcon60x60@2x.png
copying file ./Payload/Chef - Test.app/AppIcon72x72@2x~ipad.png ... 
9247 bytes for ./Payload/Chef - Test.app/AppIcon72x72@2x~ipad.png
copying file ./Payload/Chef - Test.app/AppIcon29x29@2x.png ... 
2049 bytes for ./Payload/Chef - Test.app/AppIcon29x29@2x.png
copying file ./Payload/Chef - Test.app/Chef - Test.entitlements ... 
152 bytes for ./Payload/Chef - Test.app/Chef - Test.entitlements
copying file ./Payload/Chef - Test.app/AppIcon40x40@3x.png ... 
2019-02-06 15:21:53 +0000  7580 bytes for ./Payload/Chef - Test.app/AppIcon40x40@3x.png
copying file ./Payload/Chef - Test.app/AppIcon57x57@2x.png ... 
2019-02-06 15:21:53 +0000  7652 bytes for ./Payload/Chef - Test.app/AppIcon57x57@2x.png
copying file ./Payload/Chef - Test.app/AppIcon29x29~ipad.png ... 
2019-02-06 15:21:53 +0000  709 bytes for ./Payload/Chef - Test.app/AppIcon29x29~ipad.png
2019-02-06 15:21:53 +0000  copying file ./Payload/Chef - Test.app/AppIcon40x40@2x.png ... 
2019-02-06 15:21:53 +0000  3282 bytes for ./Payload/Chef - Test.app/AppIcon40x40@2x.png
copying file ./Payload/Chef - Test.app/AppIcon29x29@3x.png ... 
2019-02-06 15:21:53 +0000  4619 bytes for ./Payload/Chef - Test.app/AppIcon29x29@3x.png
copying file ./Payload/Chef - Test.app/AppIcon60x60@3x.png ... 
2019-02-06 15:21:53 +0000  15197 bytes for ./Payload/Chef - Test.app/AppIcon60x60@3x.png
copying file ./Payload/Chef - Test.app/config.xml ... 
2019-02-06 15:21:53 +0000  5584 bytes for ./Payload/Chef - Test.app/config.xml
2019-02-06 15:21:53 +0000  copying file ./Payload/Chef - Test.app/www/index.html ... 
968 bytes for ./Payload/Chef - Test.app/www/index.html
2019-02-06 15:21:53 +0000  copying file ./Payload/Chef - Test.app/www/cordova.js ... 
2019-02-06 15:21:53 +0000  78123 bytes for ./Payload/Chef - Test.app/www/cordova.js
2019-02-06 15:21:53 +0000  copying file ./Payload/Chef - Test.app/www/css/index.css ... 
2019-02-06 15:21:53 +0000  1287 bytes for ./Payload/Chef - Test.app/www/css/index.css
2019-02-06 15:21:53 +0000  copying file ./Payload/Chef - Test.app/www/plugins/cordova-plugin-file/www/requestFileSystem.js ... 
2019-02-06 15:21:53 +0000  3244 bytes for ./Payload/Chef - Test.app/www/plugins/cordova-plugin-file/www/requestFileSystem.js
copying file ./Payload/Chef - Test.app/www/plugins/cordova-plugin-file/www/DirectoryEntry.js ... 
2019-02-06 15:21:53 +0000  4681 bytes for ./Payload/Chef - Test.app/www/plugins/cordova-plugin-file/www/DirectoryEntry.js
2019-02-06 15:21:53 +0000  copying file ./Payload/Chef - Test.app/www/plugins/cordova-plugin-file/www/FileSystem.js ... 
2019-02-06 15:21:53 +0000  1960 bytes for ./Payload/Chef - Test.app/www/plugins/cordova-plugin-file/www/FileSystem.js
copying file ./Payload/Chef - Test.app/www/plugins/cordova-plugin-file/www/Flags.js ... 
2019-02-06 15:21:53 +0000  1336 bytes for ./Payload/Chef - Test.app/www/plugins/cordova-plugin-file/www/Flags.js
copying file ./Payload/Chef - Test.app/www/plugins/cordova-plugin-file/www/fileSystemPaths.js ... 
2019-02-06 15:21:53 +0000  2548 bytes for ./Payload/Chef - Test.app/www/plugins/cordova-plugin-file/www/fileSystemPaths.js
2019-02-06 15:21:53 +0000  copying file ./Payload/Chef - Test.app/www/plugins/cordova-plugin-file/www/FileEntry.js ... 
2019-02-06 15:21:53 +0000  3423 bytes for ./Payload/Chef - Test.app/www/plugins/cordova-plugin-file/www/FileEntry.js
copying file ./Payload/Chef - Test.app/www/plugins/cordova-plugin-file/www/fileSystems.js ... 
2019-02-06 15:21:53 +0000  1047 bytes for ./Payload/Chef - Test.app/www/plugins/cordova-plugin-file/www/fileSystems.js
copying file ./Payload/Chef - Test.app/www/plugins/cordova-plugin-file/www/DirectoryReader.js ... 
2019-02-06 15:21:53 +0000  2724 bytes for ./Payload/Chef - Test.app/www/plugins/cordova-plugin-file/www/DirectoryReader.js
copying file ./Payload/Chef - Test.app/www/plugins/cordova-plugin-file/www/Metadata.js ... 
2019-02-06 15:21:53 +0000  1488 bytes for ./Payload/Chef - Test.app/www/plugins/cordova-plugin-file/www/Metadata.js
2019-02-06 15:21:53 +0000  copying file ./Payload/Chef - Test.app/www/plugins/cordova-plugin-file/www/ios/FileSystem.js ... 
2019-02-06 15:21:53 +0000  1222 bytes for ./Payload/Chef - Test.app/www/plugins/cordova-plugin-file/www/ios/FileSystem.js
2019-02-06 15:21:53 +0000  copying file ./Payload/Chef - Test.app/www/plugins/cordova-plugin-file/www/browser/isChrome.js ... 
2019-02-06 15:21:53 +0000  1232 bytes for ./Payload/Chef - Test.app/www/plugins/cordova-plugin-file/www/browser/isChrome.js
copying file ./Payload/Chef - Test.app/www/plugins/cordova-plugin-file/www/LocalFileSystem.js ... 
2019-02-06 15:21:53 +0000  957 bytes for ./Payload/Chef - Test.app/www/plugins/cordova-plugin-file/www/LocalFileSystem.js
copying file ./Payload/Chef - Test.app/www/plugins/cordova-plugin-file/www/FileReader.js ... 
2019-02-06 15:21:53 +0000  10523 bytes for ./Payload/Chef - Test.app/www/plugins/cordova-plugin-file/www/FileReader.js
copying file ./Payload/Chef - Test.app/www/plugins/cordova-plugin-file/www/fileSystems-roots.js ... 
2019-02-06 15:21:53 +0000  1646 bytes for ./Payload/Chef - Test.app/www/plugins/cordova-plugin-file/www/fileSystems-roots.js
2019-02-06 15:21:53 +0000  copying file ./Payload/Chef - Test.app/www/plugins/cordova-plugin-file/www/FileUploadOptions.js ... 
2019-02-06 15:21:53 +0000  1831 bytes for ./Payload/Chef - Test.app/www/plugins/cordova-plugin-file/www/FileUploadOptions.js
copying file ./Payload/Chef - Test.app/www/plugins/cordova-plugin-file/www/FileWriter.js ... 
2019-02-06 15:21:53 +0000  10586 bytes for ./Payload/Chef - Test.app/www/plugins/cordova-plugin-file/www/FileWriter.js
copying file ./Payload/Chef - Test.app/www/plugins/cordova-plugin-file/www/FileError.js ... 
2019-02-06 15:21:53 +0000  1483 bytes for ./Payload/Chef - Test.app/www/plugins/cordova-plugin-file/www/FileError.js
copying file ./Payload/Chef - Test.app/www/plugins/cordova-plugin-file/www/FileUploadResult.js ... 
2019-02-06 15:21:53 +0000  1111 bytes for ./Payload/Chef - Test.app/www/plugins/cordova-plugin-file/www/FileUploadResult.js
copying file ./Payload/Chef - Test.app/www/plugins/cordova-plugin-file/www/ProgressEvent.js ... 
2019-02-06 15:21:53 +0000  2544 bytes for ./Payload/Chef - Test.app/www/plugins/cordova-plugin-file/www/ProgressEvent.js
copying file ./Payload/Chef - Test.app/www/plugins/cordova-plugin-file/www/File.js ... 
2019-02-06 15:21:53 +0000  2714 bytes for ./Payload/Chef - Test.app/www/plugins/cordova-plugin-file/www/File.js
2019-02-06 15:21:53 +0000  copying file ./Payload/Chef - Test.app/www/plugins/cordova-plugin-file/www/resolveLocalFileSystemURI.js ... 
2019-02-06 15:21:53 +0000  4325 bytes for ./Payload/Chef - Test.app/www/plugins/cordova-plugin-file/www/resolveLocalFileSystemURI.js
copying file ./Payload/Chef - Test.app/www/plugins/cordova-plugin-file/www/Entry.js ... 
2019-02-06 15:21:53 +0000  9869 bytes for ./Payload/Chef - Test.app/www/plugins/cordova-plugin-file/www/Entry.js
2019-02-06 15:21:53 +0000  copying file ./Payload/Chef - Test.app/www/plugins/es6-promise-plugin/www/promise.js ... 
2019-02-06 15:21:53 +0000  9479 bytes for ./Payload/Chef - Test.app/www/plugins/es6-promise-plugin/www/promise.js
2019-02-06 15:21:53 +0000  copying file ./Payload/Chef - Test.app/www/plugins/branch-cordova-sdk/src/index.js ... 
2019-02-06 15:21:53 +0000  7972 bytes for ./Payload/Chef - Test.app/www/plugins/branch-cordova-sdk/src/index.js
2019-02-06 15:21:53 +0000  copying file ./Payload/Chef - Test.app/www/plugins/cordova-plugin-x-socialsharing/www/SocialSharing.js ... 
2019-02-06 15:21:53 +0000  7397 bytes for ./Payload/Chef - Test.app/www/plugins/cordova-plugin-x-socialsharing/www/SocialSharing.js
2019-02-06 15:21:53 +0000  copying file ./Payload/Chef - Test.app/www/js/jquery-3.3.1.min.js ... 
2019-02-06 15:21:53 +0000  86926 bytes for ./Payload/Chef - Test.app/www/js/jquery-3.3.1.min.js
copying file ./Payload/Chef - Test.app/www/js/index.js ... 
2019-02-06 15:21:53 +0000  15638 bytes for ./Payload/Chef - Test.app/www/js/index.js
copying file ./Payload/Chef - Test.app/www/js/config.js ... 
2019-02-06 15:21:53 +0000  373 bytes for ./Payload/Chef - Test.app/www/js/config.js
copying file ./Payload/Chef - Test.app/www/img/splash_1242_2208_modified_2.png ... 
2019-02-06 15:21:53 +0000  155968 bytes for ./Payload/Chef - Test.app/www/img/splash_1242_2208_modified_2.png
2019-02-06 15:21:53 +0000  copying file ./Payload/Chef - Test.app/www/img/flag-il.png ... 
2325 bytes for ./Payload/Chef - Test.app/www/img/flag-il.png
2019-02-06 15:21:53 +0000  copying file ./Payload/Chef - Test.app/www/img/flag-us.png ... 
2019-02-06 15:21:53 +0000  3377 bytes for ./Payload/Chef - Test.app/www/img/flag-us.png
copying file ./Payload/Chef - Test.app/www/img/splash_1242_2208_modified.png ... 
2019-02-06 15:21:53 +0000  118091 bytes for ./Payload/Chef - Test.app/www/img/splash_1242_2208_modified.png
copying file ./Payload/Chef - Test.app/www/img/tabit-chef-login.png ... 
2019-02-06 15:21:53 +0000  12409 bytes for ./Payload/Chef - Test.app/www/img/tabit-chef-login.png
copying file ./Payload/Chef - Test.app/www/img/splash_1242_2208_modified-old.png ... 
2019-02-06 15:21:53 +0000  1065794 bytes for ./Payload/Chef - Test.app/www/img/splash_1242_2208_modified-old.png
2019-02-06 15:21:53 +0000  copying file ./Payload/Chef - Test.app/www/cordova-js-src/exec.js ... 
2019-02-06 15:21:53 +0000  8877 bytes for ./Payload/Chef - Test.app/www/cordova-js-src/exec.js
2019-02-06 15:21:53 +0000  copying file ./Payload/Chef - Test.app/www/cordova-js-src/plugin/ios/logger.js ... 
2019-02-06 15:21:53 +0000  10233 bytes for ./Payload/Chef - Test.app/www/cordova-js-src/plugin/ios/logger.js
copying file ./Payload/Chef - Test.app/www/cordova-js-src/plugin/ios/console.js ... 
2019-02-06 15:21:53 +0000  6822 bytes for ./Payload/Chef - Test.app/www/cordova-js-src/plugin/ios/console.js
2019-02-06 15:21:53 +0000  copying file ./Payload/Chef - Test.app/www/cordova-js-src/platform.js ... 
2019-02-06 15:21:53 +0000  1168 bytes for ./Payload/Chef - Test.app/www/cordova-js-src/platform.js
copying file ./Payload/Chef - Test.app/www/icons/dxicons.ttf ... 
2019-02-06 15:21:53 +0000  40640 bytes for ./Payload/Chef - Test.app/www/icons/dxicons.ttf
copying file ./Payload/Chef - Test.app/www/icons/dxicons.woff ... 
2019-02-06 15:21:53 +0000  20016 bytes for ./Payload/Chef - Test.app/www/icons/dxicons.woff
2019-02-06 15:21:53 +0000  copying file ./Payload/Chef - Test.app/www/cordova_plugins.js ... 
2019-02-06 15:21:53 +0000  5439 bytes for ./Payload/Chef - Test.app/www/cordova_plugins.js
copying file ./Payload/Chef - Test.app/www/assets/config/bundles.json ... 
2019-02-06 15:21:53 +0000  1098 bytes for ./Payload/Chef - Test.app/www/assets/config/bundles.json
2019-02-06 15:21:53 +0000  copying file ./Payload/Chef - Test.app/www/assets/images/logo-orig-2.png ... 
2019-02-06 15:21:53 +0000  3228 bytes for ./Payload/Chef - Test.app/www/assets/images/logo-orig-2.png
2019-02-06 15:21:53 +0000  copying file ./Payload/Chef - Test.app/www/assets/images/favicons/favicon-16x16.png ... 
2019-02-06 15:21:53 +0000  1706 bytes for ./Payload/Chef - Test.app/www/assets/images/favicons/favicon-16x16.png
copying file ./Payload/Chef - Test.app/www/assets/images/favicons/favicon.ico ... 
2019-02-06 15:21:53 +0000  1150 bytes for ./Payload/Chef - Test.app/www/assets/images/favicons/favicon.ico
copying file ./Payload/Chef - Test.app/www/assets/images/favicons/favicon-96x96.png ... 
2019-02-06 15:21:53 +0000  14682 bytes for ./Payload/Chef - Test.app/www/assets/images/favicons/favicon-96x96.png
copying file ./Payload/Chef - Test.app/www/assets/images/favicons/favicon-32x32.png ... 
2019-02-06 15:21:53 +0000  3032 bytes for ./Payload/Chef - Test.app/www/assets/images/favicons/favicon-32x32.png
2019-02-06 15:21:53 +0000  copying file ./Payload/Chef - Test.app/www/assets/images/logo-orig.png ... 
2019-02-06 15:21:53 +0000  13973 bytes for ./Payload/Chef - Test.app/www/assets/images/logo-orig.png
2019-02-06 15:21:53 +0000  copying file ./Payload/Chef - Test.app/www/assets/images/icons/mipmap-mdpi/ic_launcher.png ... 
2019-02-06 15:21:53 +0000  4093 bytes for ./Payload/Chef - Test.app/www/assets/images/icons/mipmap-mdpi/ic_launcher.png
2019-02-06 15:21:53 +0000  copying file ./Payload/Chef - Test.app/www/assets/images/icons/mipmap-hdpi/ic_launcher.png ... 
2019-02-06 15:21:53 +0000  8113 bytes for ./Payload/Chef - Test.app/www/assets/images/icons/mipmap-hdpi/ic_launcher.png
2019-02-06 15:21:53 +0000  copying file ./Payload/Chef - Test.app/www/assets/images/icons/mipmap-xxxhdpi/ic_launcher.png ... 
2019-02-06 15:21:53 +0000  38212 bytes for ./Payload/Chef - Test.app/www/assets/images/icons/mipmap-xxxhdpi/ic_launcher.png
2019-02-06 15:21:53 +0000  copying file ./Payload/Chef - Test.app/www/assets/images/icons/web_hi_res_512.png ... 
2019-02-06 15:21:53 +0000  188948 bytes for ./Payload/Chef - Test.app/www/assets/images/icons/web_hi_res_512.png
2019-02-06 15:21:53 +0000  copying file ./Payload/Chef - Test.app/www/assets/images/icons/mipmap-xxhdpi/ic_launcher.png ... 
2019-02-06 15:21:53 +0000  24886 bytes for ./Payload/Chef - Test.app/www/assets/images/icons/mipmap-xxhdpi/ic_launcher.png
2019-02-06 15:21:53 +0000  copying file ./Payload/Chef - Test.app/www/assets/images/icons/person.png ... 
2019-02-06 15:21:53 +0000  2034 bytes for ./Payload/Chef - Test.app/www/assets/images/icons/person.png
copying file ./Payload/Chef - Test.app/www/assets/images/icons/cycle.svg ... 
2019-02-06 15:21:53 +0000  902 bytes for ./Payload/Chef - Test.app/www/assets/images/icons/cycle.svg
copying file ./Payload/Chef - Test.app/www/assets/images/icons/mipmap-xhdpi/ic_launcher.png ... 
2019-02-06 15:21:53 +0000  12346 bytes for ./Payload/Chef - Test.app/www/assets/images/icons/mipmap-xhdpi/ic_launcher.png
2019-02-06 15:21:53 +0000  copying file ./Payload/Chef - Test.app/www/assets/images/icons/calendar.svg ... 
1434 bytes for ./Payload/Chef - Test.app/www/assets/images/icons/calendar.svg
copying file ./Payload/Chef - Test.app/www/assets/images/icons/circle-with-cross.svg ... 
2019-02-06 15:21:53 +0000  728 bytes for ./Payload/Chef - Test.app/www/assets/images/icons/circle-with-cross.svg
copying file ./Payload/Chef - Test.app/www/assets/images/icons/total.svg ... 
2019-02-06 15:21:53 +0000  735 bytes for ./Payload/Chef - Test.app/www/assets/images/icons/total.svg
copying file ./Payload/Chef - Test.app/www/assets/images/logo-cropped.png ... 
2019-02-06 15:21:53 +0000  122369 bytes for ./Payload/Chef - Test.app/www/assets/images/logo-cropped.png
copying file ./Payload/Chef - Test.app/www/assets/images/background-login.png ... 
2019-02-06 15:21:53 +0000  949932 bytes for ./Payload/Chef - Test.app/www/assets/images/background-login.png
copying file ./Payload/Chef - Test.app/www/assets/images/chef-logo.png ... 
2019-02-06 15:21:53 +0000  124635 bytes for ./Payload/Chef - Test.app/www/assets/images/chef-logo.png
copying file ./Payload/Chef - Test.app/www/assets/images/chef-logo.jpg ... 
2019-02-06 15:21:53 +0000  14458 bytes for ./Payload/Chef - Test.app/www/assets/images/chef-logo.jpg
copying file ./Payload/Chef - Test.app/www/assets/images/tabit-chef-login.png ... 
2019-02-06 15:21:53 +0000  12409 bytes for ./Payload/Chef - Test.app/www/assets/images/tabit-chef-login.png
copying file ./Payload/Chef - Test.app/www/assets/images/tabit-chef-login@2x.png ... 
2019-02-06 15:21:53 +0000  37029 bytes for ./Payload/Chef - Test.app/www/assets/images/tabit-chef-login@2x.png
copying file ./Payload/Chef - Test.app/www/assets/images/tabit-chef-login@3x.png ... 
2019-02-06 15:21:53 +0000  64256 bytes for ./Payload/Chef - Test.app/www/assets/images/tabit-chef-login@3x.png
2019-02-06 15:21:53 +0000  copying file ./Payload/Chef - Test.app/www/assets/icons/user.svg ... 
270 bytes for ./Payload/Chef - Test.app/www/assets/icons/user.svg
copying file ./Payload/Chef - Test.app/www/assets/icons/Promotion_off.svg ... 
2019-02-06 15:21:53 +0000  2175 bytes for ./Payload/Chef - Test.app/www/assets/icons/Promotion_off.svg
copying file ./Payload/Chef - Test.app/www/assets/icons/Promotion.svg ... 
2019-02-06 15:21:53 +0000  2175 bytes for ./Payload/Chef - Test.app/www/assets/icons/Promotion.svg
copying file ./Payload/Chef - Test.app/www/assets/icons/Retention_off.svg ... 
2019-02-06 15:21:53 +0000  1623 bytes for ./Payload/Chef - Test.app/www/assets/icons/Retention_off.svg
2019-02-06 15:21:53 +0000  copying file ./Payload/Chef - Test.app/www/assets/icons/down.svg ... 
543 bytes for ./Payload/Chef - Test.app/www/assets/icons/down.svg
copying file ./Payload/Chef - Test.app/www/assets/icons/OperationalAndCancellation_off_old.svg ... 
2019-02-06 15:21:53 +0000  1924 bytes for ./Payload/Chef - Test.app/www/assets/icons/OperationalAndCancellation_off_old.svg
copying file ./Payload/Chef - Test.app/www/assets/icons/Retention.svg ... 
2019-02-06 15:21:53 +0000  1623 bytes for ./Payload/Chef - Test.app/www/assets/icons/Retention.svg
copying file ./Payload/Chef - Test.app/www/assets/icons/OperationalAndCancellation.svg ... 
2019-02-06 15:21:53 +0000  2243 bytes for ./Payload/Chef - Test.app/www/assets/icons/OperationalAndCancellation.svg
copying file ./Payload/Chef - Test.app/www/assets/icons/up.svg ... 
2019-02-06 15:21:53 +0000  538 bytes for ./Payload/Chef - Test.app/www/assets/icons/up.svg
2019-02-06 15:21:53 +0000  copying file ./Payload/Chef - Test.app/www/assets/icons/OperationalAndCancellation_old.svg ... 
1924 bytes for ./Payload/Chef - Test.app/www/assets/icons/OperationalAndCancellation_old.svg
copying file ./Payload/Chef - Test.app/www/assets/icons/Organizational.svg ... 
2019-02-06 15:21:53 +0000  2851 bytes for ./Payload/Chef - Test.app/www/assets/icons/Organizational.svg
copying file ./Payload/Chef - Test.app/www/assets/icons/Organizational_off.svg ... 
2019-02-06 15:21:53 +0000  2851 bytes for ./Payload/Chef - Test.app/www/assets/icons/Organizational_off.svg
copying file ./Payload/Chef - Test.app/www/assets/icons/OperationalAndCancellation_off.svg ... 
2019-02-06 15:21:53 +0000  2243 bytes for ./Payload/Chef - Test.app/www/assets/icons/OperationalAndCancellation_off.svg
2019-02-06 15:21:53 +0000  copying file ./Payload/Chef - Test.app/www/assets/fonts/icomoon/icomoon.ttf ... 
2019-02-06 15:21:53 +0000  2464 bytes for ./Payload/Chef - Test.app/www/assets/fonts/icomoon/icomoon.ttf
copying file ./Payload/Chef - Test.app/www/assets/fonts/icomoon/icomoon.woff ... 
2019-02-06 15:21:53 +0000  2540 bytes for ./Payload/Chef - Test.app/www/assets/fonts/icomoon/icomoon.woff
copying file ./Payload/Chef - Test.app/www/assets/fonts/icomoon/icomoon.eot ... 
2019-02-06 15:21:53 +0000  2628 bytes for ./Payload/Chef - Test.app/www/assets/fonts/icomoon/icomoon.eot
copying file ./Payload/Chef - Test.app/www/assets/fonts/icomoon/_icomoon.scss ... 
2019-02-06 15:21:53 +0000  1481 bytes for ./Payload/Chef - Test.app/www/assets/fonts/icomoon/_icomoon.scss
copying file ./Payload/Chef - Test.app/www/assets/fonts/icomoon/icomoon.svg ... 
2019-02-06 15:21:53 +0000  6447 bytes for ./Payload/Chef - Test.app/www/assets/fonts/icomoon/icomoon.svg
2019-02-06 15:21:53 +0000  copying file ./Payload/Chef - Test.app/Assets.car ... 
2019-02-06 15:21:53 +0000  299480 bytes for ./Payload/Chef - Test.app/Assets.car
copying file ./Payload/Chef - Test.app/AppIcon40x40@2x~ipad.png ... 
2019-02-06 15:21:53 +0000  3282 bytes for ./Payload/Chef - Test.app/AppIcon40x40@2x~ipad.png
2019-02-06 15:21:53 +0000  copying file ./Payload/Chef - Test.app/AppIcon76x76@2x~ipad.png ... 
2019-02-06 15:21:53 +0000  11315 bytes for ./Payload/Chef - Test.app/AppIcon76x76@2x~ipad.png
copying file ./Payload/Chef - Test.app/AppIcon72x72~ipad.png ... 
2019-02-06 15:21:53 +0000  3114 bytes for ./Payload/Chef - Test.app/AppIcon72x72~ipad.png
2019-02-06 15:21:53 +0000  copying file ./Payload/Chef - Test.app/CDVLaunchScreen.storyboardc/01J-lp-oVM-view-Ze5-6b-2t3.nib ... 
2019-02-06 15:21:53 +0000  2284 bytes for ./Payload/Chef - Test.app/CDVLaunchScreen.storyboardc/01J-lp-oVM-view-Ze5-6b-2t3.nib
copying file ./Payload/Chef - Test.app/CDVLaunchScreen.storyboardc/UIViewController-01J-lp-oVM.nib ... 
2019-02-06 15:21:53 +0000  832 bytes for ./Payload/Chef - Test.app/CDVLaunchScreen.storyboardc/UIViewController-01J-lp-oVM.nib
copying file ./Payload/Chef - Test.app/CDVLaunchScreen.storyboardc/Info.plist ... 
258 bytes for ./Payload/Chef - Test.app/CDVLaunchScreen.storyboardc/Info.plist
2019-02-06 15:21:53 +0000  copying file ./Payload/Chef - Test.app/AppIcon83.5x83.5@2x~ipad.png ... 
2019-02-06 15:21:53 +0000  20800 bytes for ./Payload/Chef - Test.app/AppIcon83.5x83.5@2x~ipad.png
copying file ./Payload/Chef - Test.app/AppIcon50x50~ipad.png ... 
2019-02-06 15:21:53 +0000  1644 bytes for ./Payload/Chef - Test.app/AppIcon50x50~ipad.png
copying file ./Payload/Chef - Test.app/AppIcon29x29@2x~ipad.png ... 
2019-02-06 15:21:53 +0000  2049 bytes for ./Payload/Chef - Test.app/AppIcon29x29@2x~ipad.png
2019-02-06 15:21:53 +0000  copying file ./Payload/Chef - Test.app/AppIcon50x50@2x~ipad.png ... 
2019-02-06 15:21:53 +0000  5717 bytes for ./Payload/Chef - Test.app/AppIcon50x50@2x~ipad.png
copying file ./Payload/Chef - Test.app/AppIcon40x40~ipad.png ... 
2019-02-06 15:21:53 +0000  886 bytes for ./Payload/Chef - Test.app/AppIcon40x40~ipad.png
copying file ./Payload/Chef - Test.app/AppIcon20x20@2x~ipad.png ... 
2019-02-06 15:21:53 +0000  886 bytes for ./Payload/Chef - Test.app/AppIcon20x20@2x~ipad.png
copying file ./Payload/Chef - Test.app/Info.plist ... 
2019-02-06 15:21:53 +0000  2109 bytes for ./Payload/Chef - Test.app/Info.plist
copying file ./Payload/Chef - Test.app/PkgInfo ... 
2019-02-06 15:21:53 +0000  8 bytes for ./Payload/Chef - Test.app/PkgInfo
copying file ./Payload/Chef - Test.app/AppIcon76x76~ipad.png ... 
2019-02-06 15:21:53 +0000  3505 bytes for ./Payload/Chef - Test.app/AppIcon76x76~ipad.png
2019-02-06 15:21:53 +0000  /usr/bin/ditto exited with 0
2019-02-06 15:21:53 +0000  Processing step: IDEDistributionAppStoreInformationStep
2019-02-06 15:21:53 +0000  Skipping step: IDEDistributionAppStoreInformationStep because it said so
2019-02-06 15:21:53 +0000  Processing step: IDEDistributionCreateManifestStep
